0 info it worked if it ends with ok
1 verbose cli [ '/Users/meaghan/.nvm/v0.10.24/bin/node',
1 verbose cli   '/Users/meaghan/.nvm/v0.10.24/bin/npm',
1 verbose cli   'run',
1 verbose cli   'protractor-tests',
1 verbose cli   '--suite',
1 verbose cli   'checkRate' ]
2 info using npm@1.3.21
3 info using node@v0.10.24
4 error Error: ENOENT, open '/Users/meaghan/Projects/Earnest/sampleLoanTests/node_modules/protractor-tests/package.json'
5 error If you need help, you may report this *entire* log,
5 error including the npm and node versions, at:
5 error     <http://github.com/isaacs/npm/issues>
6 error System Darwin 14.4.0
7 error command "/Users/meaghan/.nvm/v0.10.24/bin/node" "/Users/meaghan/.nvm/v0.10.24/bin/npm" "run" "protractor-tests" "--suite" "checkRate"
8 error cwd /Users/meaghan/Projects/Earnest/sampleLoanTests
9 error node -v v0.10.24
10 error npm -v 1.3.21
11 error path /Users/meaghan/Projects/Earnest/sampleLoanTests/node_modules/protractor-tests/package.json
12 error code ENOENT
13 error errno 34
14 verbose exit [ 34, true ]
